<?xml version="1.0" encoding="UTF-8"?>
<testsuites name="jest tests" tests="3" failures="0" errors="0" time="0.483">
  <testsuite name="Basic endpoints" errors="0" failures="0" skipped="0" timestamp="2025-09-25T04:50:02" time="0.439" tests="3">
    <testcase classname="Basic endpoints GET / returns message" name="Basic endpoints GET / returns message" time="0.013">
    </testcase>
    <testcase classname="Basic endpoints GET /health returns OK" name="Basic endpoints GET /health returns OK" time="0.004">
    </testcase>
    <testcase classname="Basic endpoints GET /metrics returns metrics" name="Basic endpoints GET /metrics returns metrics" time="0.003">
    </testcase>
  </testsuite>
</testsuites>